2021-08-19 22:36:35,241 Start: Deleting Private Key File
2021-08-19 22:36:35,252 Done: Deleting Private Key File
2021-08-19 22:36:35,253 Start: Deleting Public Key File
2021-08-19 22:36:35,261 Done: Deleting Public Key File
2021-08-19 22:41:13,429 Start: Generating Public And Private Key
2021-08-19 22:41:13,650 Done: Generating Public And Private Key
2021-08-19 22:41:13,651 Start: Writing Private Key To File
2021-08-19 22:41:13,651 Done: Writing Private Key To File
2021-08-19 22:41:13,651 Start: Writing Public Key To File
2021-08-19 22:41:13,652 Done: Writing Public Key To File
2021-08-19 22:42:03,885 Start: Generating Public And Private Key
2021-08-19 22:42:04,024 Done: Generating Public And Private Key
2021-08-19 22:42:04,024 Start: Writing Private Key To File
2021-08-19 22:42:04,025 Done: Writing Private Key To File
2021-08-19 22:42:04,025 Start: Writing Public Key To File
2021-08-19 22:42:04,025 Done: Writing Public Key To File
2021-08-19 22:42:14,585 Start: Generating Public And Private Key
2021-08-19 22:42:14,676 Done: Generating Public And Private Key
2021-08-19 22:42:14,676 Start: Writing Private Key To File
2021-08-19 22:42:14,676 Done: Writing Private Key To File
2021-08-19 22:42:14,676 Start: Writing Public Key To File
2021-08-19 22:42:14,677 Done: Writing Public Key To File
2021-08-19 22:42:30,685 Start: Generating Public And Private Key
2021-08-19 22:42:30,778 Done: Generating Public And Private Key
2021-08-19 22:42:30,778 Start: Writing Private Key To File
2021-08-19 22:42:30,778 Done: Writing Private Key To File
2021-08-19 22:42:30,779 Start: Writing Public Key To File
2021-08-19 22:42:30,779 Done: Writing Public Key To File
2021-08-19 22:42:40,685 Start: Generating Public And Private Key
2021-08-19 22:42:40,798 Done: Generating Public And Private Key
2021-08-19 22:42:40,798 Start: Writing Private Key To File
2021-08-19 22:42:40,798 Done: Writing Private Key To File
2021-08-19 22:42:40,799 Start: Writing Public Key To File
2021-08-19 22:42:40,799 Done: Writing Public Key To File
2021-08-19 22:42:48,102 Start: Generating Public And Private Key
2021-08-19 22:42:48,269 Done: Generating Public And Private Key
2021-08-19 22:42:48,269 Start: Writing Private Key To File
2021-08-19 22:42:48,269 Done: Writing Private Key To File
2021-08-19 22:42:48,270 Start: Writing Public Key To File
2021-08-19 22:42:48,270 Done: Writing Public Key To File
2021-08-19 22:43:13,877 Start: Generating Public And Private Key
2021-08-19 22:43:14,012 Done: Generating Public And Private Key
2021-08-19 22:43:14,013 Start: Writing Private Key To File
2021-08-19 22:43:14,014 Done: Writing Private Key To File
2021-08-19 22:43:14,014 Start: Writing Public Key To File
2021-08-19 22:43:14,015 Done: Writing Public Key To File
2021-08-19 22:43:29,707 Start: Generating Public And Private Key
2021-08-19 22:43:29,789 Done: Generating Public And Private Key
2021-08-19 22:43:29,790 Start: Writing Private Key To File
2021-08-19 22:43:29,794 Done: Writing Private Key To File
2021-08-19 22:43:29,794 Start: Writing Public Key To File
2021-08-19 22:43:29,798 Done: Writing Public Key To File
2021-08-19 22:43:40,157 Start: Generating Public And Private Key
2021-08-19 22:43:40,239 Done: Generating Public And Private Key
2021-08-19 22:43:40,239 Start: Writing Private Key To File
2021-08-19 22:43:40,243 Done: Writing Private Key To File
2021-08-19 22:43:40,244 Start: Writing Public Key To File
2021-08-19 22:43:40,247 Done: Writing Public Key To File
2021-08-19 22:43:56,284 Start: Generating Public And Private Key
2021-08-19 22:43:56,432 Done: Generating Public And Private Key
2021-08-19 22:43:56,432 Start: Writing Private Key To File
2021-08-19 22:43:56,433 Done: Writing Private Key To File
2021-08-19 22:43:56,433 Start: Writing Public Key To File
2021-08-19 22:43:56,434 Done: Writing Public Key To File
